0 info it worked if it ends with ok
1 verbose cli [ '/usr/bin/node',
1 verbose cli   '/usr/bin/npm',
1 verbose cli   'install',
1 verbose cli   '-g',
1 verbose cli   'generator-jquery-mobile' ]
2 info using npm@1.4.28
3 info using node@v0.10.35
4 verbose node symlink /usr/bin/node
5 verbose cache add [ 'generator-jquery-mobile', null ]
6 verbose cache add name=undefined spec="generator-jquery-mobile" args=["generator-jquery-mobile",null]
7 verbose parsed url { protocol: null,
7 verbose parsed url   slashes: null,
7 verbose parsed url   auth: null,
7 verbose parsed url   host: null,
7 verbose parsed url   port: null,
7 verbose parsed url   hostname: null,
7 verbose parsed url   hash: null,
7 verbose parsed url   search: null,
7 verbose parsed url   query: null,
7 verbose parsed url   pathname: 'generator-jquery-mobile',
7 verbose parsed url   path: 'generator-jquery-mobile',
7 verbose parsed url   href: 'generator-jquery-mobile' }
8 silly lockFile 941155e3-generator-jquery-mobile generator-jquery-mobile
9 verbose lock generator-jquery-mobile /home/luis/.npm/941155e3-generator-jquery-mobile.lock
10 silly lockFile 941155e3-generator-jquery-mobile generator-jquery-mobile
11 silly lockFile 941155e3-generator-jquery-mobile generator-jquery-mobile
12 verbose addNamed [ 'generator-jquery-mobile', '' ]
13 verbose addNamed [ null, '*' ]
14 silly lockFile cff611f0-generator-jquery-mobile generator-jquery-mobile@
15 verbose lock generator-jquery-mobile@ /home/luis/.npm/cff611f0-generator-jquery-mobile.lock
16 silly addNameRange { name: 'generator-jquery-mobile', range: '*', hasData: false }
17 verbose request where is /generator-jquery-mobile
18 verbose request registry https://registry.npmjs.org/
19 verbose request id 64fd7549b5b86cb4
20 verbose url raw /generator-jquery-mobile
21 verbose url resolving [ 'https://registry.npmjs.org/', './generator-jquery-mobile' ]
22 verbose url resolved https://registry.npmjs.org/generator-jquery-mobile
23 verbose request where is https://registry.npmjs.org/generator-jquery-mobile
24 info trying registry request attempt 1 at 11:49:48
25 http GET https://registry.npmjs.org/generator-jquery-mobile
26 http 200 https://registry.npmjs.org/generator-jquery-mobile
27 silly registry.get cb [ 200,
27 silly registry.get   { date: 'Tue, 10 Feb 2015 10:49:49 GMT',
27 silly registry.get     server: 'CouchDB/1.5.0 (Erlang OTP/R16B03)',
27 silly registry.get     etag: '"JZV6MMXKBP14TFI01DTR1KBU"',
27 silly registry.get     'content-type': 'application/json',
27 silly registry.get     'cache-control': 'max-age=60',
27 silly registry.get     'content-length': '9424',
27 silly registry.get     'accept-ranges': 'bytes',
27 silly registry.get     via: '1.1 varnish',
27 silly registry.get     age: '0',
27 silly registry.get     'x-served-by': 'cache-lcy1134-LCY',
27 silly registry.get     'x-cache': 'MISS',
27 silly registry.get     'x-cache-hits': '0',
27 silly registry.get     'x-timer': 'S1423565389.022901,VS0,VE372',
27 silly registry.get     vary: 'Accept',
27 silly registry.get     'keep-alive': 'timeout=10, max=50',
27 silly registry.get     connection: 'Keep-Alive' } ]
28 silly addNameRange number 2 { name: 'generator-jquery-mobile', range: '*', hasData: true }
29 silly addNameRange versions [ 'generator-jquery-mobile',
29 silly addNameRange   [ '0.1.0', '0.1.1', '0.1.2', '0.1.3', '0.2.0', '0.2.1', '0.2.2' ] ]
30 verbose addNamed [ 'generator-jquery-mobile', '0.2.2' ]
31 verbose addNamed [ '0.2.2', '0.2.2' ]
32 silly lockFile 2367f326-generator-jquery-mobile-0-2-2 generator-jquery-mobile@0.2.2
33 verbose lock generator-jquery-mobile@0.2.2 /home/luis/.npm/2367f326-generator-jquery-mobile-0-2-2.lock
34 silly lockFile b5825d58-enerator-jquery-mobile-0-2-2-tgz https://registry.npmjs.org/generator-jquery-mobile/-/generator-jquery-mobile-0.2.2.tgz
35 verbose lock https://registry.npmjs.org/generator-jquery-mobile/-/generator-jquery-mobile-0.2.2.tgz /home/luis/.npm/b5825d58-enerator-jquery-mobile-0-2-2-tgz.lock
36 verbose addRemoteTarball [ 'https://registry.npmjs.org/generator-jquery-mobile/-/generator-jquery-mobile-0.2.2.tgz',
36 verbose addRemoteTarball   '18c5955155c91062c20a075a515b756f416714ec' ]
37 info retry fetch attempt 1 at 11:49:49
38 verbose fetch to= /tmp/npm-5203-4r7KAehn/registry.npmjs.org/generator-jquery-mobile/-/generator-jquery-mobile-0.2.2.tgz
39 http GET https://registry.npmjs.org/generator-jquery-mobile/-/generator-jquery-mobile-0.2.2.tgz
40 http 200 https://registry.npmjs.org/generator-jquery-mobile/-/generator-jquery-mobile-0.2.2.tgz
41 silly lockFile b5825d58-enerator-jquery-mobile-0-2-2-tgz https://registry.npmjs.org/generator-jquery-mobile/-/generator-jquery-mobile-0.2.2.tgz
42 silly lockFile b5825d58-enerator-jquery-mobile-0-2-2-tgz https://registry.npmjs.org/generator-jquery-mobile/-/generator-jquery-mobile-0.2.2.tgz
43 silly lockFile 2367f326-generator-jquery-mobile-0-2-2 generator-jquery-mobile@0.2.2
44 silly lockFile 2367f326-generator-jquery-mobile-0-2-2 generator-jquery-mobile@0.2.2
45 silly lockFile cff611f0-generator-jquery-mobile generator-jquery-mobile@
46 silly lockFile cff611f0-generator-jquery-mobile generator-jquery-mobile@
47 silly resolved [ { name: 'generator-jquery-mobile',
47 silly resolved     version: '0.2.2',
47 silly resolved     description: 'Yeoman generator for jQuery Mobile Framework',
47 silly resolved     keywords:
47 silly resolved      [ 'yeoman-generator',
47 silly resolved        'scaffold',
47 silly resolved        'jquery',
47 silly resolved        'rwd',
47 silly resolved        'mobile',
47 silly resolved        'boostrap',
47 silly resolved        'theme' ],
47 silly resolved     homepage: 'https://github.com/bauschan/generator-jquery-mobile',
47 silly resolved     bugs: { url: 'https://github.com/bauschan/generator-jquery-mobile/issues' },
47 silly resolved     author: { name: 'Peter Foerger' },
47 silly resolved     repository:
47 silly resolved      { type: 'git',
47 silly resolved        url: 'https://github.com/bauschan/generator-jquery-mobile.git' },
47 silly resolved     scripts: { test: 'mocha' },
47 silly resolved     dependencies: { 'yeoman-generator': '~0.14.0' },
47 silly resolved     peerDependencies: { yo: '>=1.0.0-rc.1.4' },
47 silly resolved     devDependencies: { mocha: '~1.14.0' },
47 silly resolved     engines: { node: '>=0.8.0', npm: '>=1.2.10' },
47 silly resolved     licenses: [ [Object] ],
47 silly resolved     files: [ 'app' ],
47 silly resolved     _id: 'generator-jquery-mobile@0.2.2',
47 silly resolved     dist:
47 silly resolved      { shasum: '18c5955155c91062c20a075a515b756f416714ec',
47 silly resolved        tarball: 'http://registry.npmjs.org/generator-jquery-mobile/-/generator-jquery-mobile-0.2.2.tgz' },
47 silly resolved     _from: 'generator-jquery-mobile@',
47 silly resolved     _npmVersion: '1.3.21',
47 silly resolved     _npmUser: { name: 'bauschan', email: 'pfoerger@mac.com' },
47 silly resolved     maintainers: [ [Object] ],
47 silly resolved     directories: {},
47 silly resolved     _shasum: '18c5955155c91062c20a075a515b756f416714ec',
47 silly resolved     _resolved: 'https://registry.npmjs.org/generator-jquery-mobile/-/generator-jquery-mobile-0.2.2.tgz' } ]
48 info install generator-jquery-mobile@0.2.2 into /usr/lib
49 info installOne generator-jquery-mobile@0.2.2
50 verbose lib/node_modules/generator-jquery-mobile unbuild
51 verbose tar unpack /home/luis/.npm/generator-jquery-mobile/0.2.2/package.tgz
52 silly lockFile f801ea38--modules-generator-jquery-mobile tar:///usr/lib/node_modules/generator-jquery-mobile
53 verbose lock tar:///usr/lib/node_modules/generator-jquery-mobile /home/luis/.npm/f801ea38--modules-generator-jquery-mobile.lock
54 silly lockFile 96e69799--jquery-mobile-0-2-2-package-tgz tar:///home/luis/.npm/generator-jquery-mobile/0.2.2/package.tgz
55 verbose lock tar:///home/luis/.npm/generator-jquery-mobile/0.2.2/package.tgz /home/luis/.npm/96e69799--jquery-mobile-0-2-2-package-tgz.lock
56 silly gunzTarPerm modes [ '775', '664' ]
57 error Error: EACCES, mkdir '/usr/lib/node_modules/generator-jquery-mobile'
57 error  { [Error: EACCES, mkdir '/usr/lib/node_modules/generator-jquery-mobile']
57 error   errno: 3,
57 error   code: 'EACCES',
57 error   path: '/usr/lib/node_modules/generator-jquery-mobile',
57 error   fstream_type: 'Directory',
57 error   fstream_path: '/usr/lib/node_modules/generator-jquery-mobile',
57 error   fstream_class: 'DirWriter',
57 error   fstream_stack:
57 error    [ '/usr/lib/node_modules/npm/node_modules/fstream/lib/dir-writer.js:36:23',
57 error      '/usr/lib/node_modules/npm/node_modules/mkdirp/index.js:46:53',
57 error      'Object.oncomplete (fs.js:108:15)' ] }
58 error Please try running this command again as root/Administrator.
59 error System Linux 3.13.0-37-generic
60 error command "/usr/bin/node" "/usr/bin/npm" "install" "-g" "generator-jquery-mobile"
61 error cwd /home/luis/Documentos/DWEC/practica-jquery-mobile
62 error node -v v0.10.35
63 error npm -v 1.4.28
64 error path /usr/lib/node_modules/generator-jquery-mobile
65 error fstream_path /usr/lib/node_modules/generator-jquery-mobile
66 error fstream_type Directory
67 error fstream_class DirWriter
68 error code EACCES
69 error errno 3
70 error stack Error: EACCES, mkdir '/usr/lib/node_modules/generator-jquery-mobile'
71 error fstream_stack /usr/lib/node_modules/npm/node_modules/fstream/lib/dir-writer.js:36:23
71 error fstream_stack /usr/lib/node_modules/npm/node_modules/mkdirp/index.js:46:53
71 error fstream_stack Object.oncomplete (fs.js:108:15)
72 verbose exit [ 3, true ]
